[15:13:31] [main/INFO] (FabricLoader/GameProvider) Loading Minecraft 1.20.4 with Fabric Loader 0.15.10
[15:13:31] [main/INFO] (FabricLoader) Loading 57 mods:
	- fabric-api 0.97.0+1.20.4
	- fabric-api-base 0.4.37+78d798af4f
	- fabric-api-lookup-api-v1 1.6.50+82b1bb3e4f
	- fabric-biome-api-v1 13.0.17+78d798af4f
	- fabric-block-api-v1 1.0.17+3e2216cb4f
	- fabric-block-view-api-v2 1.0.5+78d798af4f
	- fabric-blockrenderlayer-v1 1.1.47+78d798af4f
	- fabric-client-tags-api-v1 1.1.8+78d798af4f
	- fabric-command-api-v1 1.2.42+f71b366f4f
	- fabric-command-api-v2 2.2.21+78d798af4f
	- fabric-commands-v0 0.2.59+df3654b34f
	- fabric-containers-v0 0.1.87+df3654b34f
	- fabric-content-registries-v0 5.0.16+78d798af4f
	- fabric-convention-tags-v1 1.5.11+78d798af4f
	- fabric-crash-report-info-v1 0.2.24+78d798af4f
	- fabric-data-attachment-api-v1 1.1.5+b90db5744f
	- fabric-data-generation-api-v1 13.2.5+5c0133444f
	- fabric-dimensions-v1 2.1.62+78d798af4f
	- fabric-entity-events-v1 1.6.2+09fc25014f
	- fabric-events-interaction-v0 0.7.2+389931eb4f
	- fabric-events-lifecycle-v0 0.2.75+df3654b34f
	- fabric-game-rule-api-v1 1.0.47+78d798af4f
	- fabric-gametest-api-v1 1.3.6+85d85a934f
	- fabric-item-api-v1 2.3.0+bcdd12964f
	- fabric-item-group-api-v1 4.0.27+ee30b13a4f
	- fabric-key-binding-api-v1 1.0.42+78d798af4f
	- fabric-keybindings-v0 0.2.40+df3654b34f
	- fabric-lifecycle-events-v1 2.3.1+a67ffb5d4f
	- fabric-loot-api-v2 2.1.10+78d798af4f
	- fabric-message-api-v1 6.0.6+78d798af4f
	- fabric-mining-level-api-v1 2.1.66+78d798af4f
	- fabric-model-loading-api-v1 1.0.9+78d798af4f
	- fabric-models-v0 0.4.8+9386d8a74f
	- fabric-networking-api-v1 3.1.8+2e5ac5484f
	- fabric-object-builder-api-v1 13.1.0+dba1195c4f
	- fabric-particles-v1 1.1.8+78d798af4f
	- fabric-recipe-api-v1 2.0.21+78d798af4f
	- fabric-registry-sync-v0 4.0.20+ee30b13a4f
	- fabric-renderer-api-v1 3.2.5+78d798af4f
	- fabric-renderer-indigo 1.5.5+78d798af4f
	- fabric-renderer-registries-v1 3.2.54+df3654b34f
	- fabric-rendering-data-attachment-v1 0.3.43+73761d2e4f
	- fabric-rendering-fluids-v1 3.1.2+e761c6694f
	- fabric-rendering-v0 1.1.57+df3654b34f
	- fabric-rendering-v1 3.2.1+6fd945a04f
	- fabric-resource-conditions-api-v1 2.3.15+78d798af4f
	- fabric-resource-loader-v0 0.11.21+ee30b13a4f
	- fabric-screen-api-v1 2.0.18+78d798af4f
	- fabric-screen-handler-api-v1 1.3.56+78d798af4f
	- fabric-sound-api-v1 1.0.18+78d798af4f
	- fabric-transfer-api-v1 4.0.12+90f2d7b14f
	- fabric-transitive-access-wideners-v1 5.0.15+78d798af4f
	- fabricloader 0.15.10
	- java 17
	- minecraft 1.20.4
	- mixinextras 0.3.5
	- resourcefultrees 0.0.0-1.20.4
[15:13:31] [main/INFO] (FabricLoader/Mixin) SpongePowered MIXIN Subsystem Version=0.8.5 Source=file:/home/Sebastian/.gradle/caches/modules-2/files-2.1/net.fabricmc/sponge-mixin/0.13.3+mixin.0.8.5/9527e6b0d2449408958fd1302594dc65ec5ade9c/sponge-mixin-0.13.3+mixin.0.8.5.jar Service=Knot/Fabric Env=CLIENT
[15:13:32] [main/INFO] (FabricLoader/Mixin) Loaded Fabric development mappings for mixin remapper!
[15:13:32] [main/INFO] (FabricLoader/Mixin) Compatibility level set to JAVA_17
[15:13:32] [main/INFO] (FabricLoader/MixinExtras|Service) Initializing MixinExtras via com.llamalad7.mixinextras.service.MixinExtrasServiceImpl(version=0.3.5).
[15:13:35] [Datafixer Bootstrap/INFO] (Minecraft) 198 Datafixer optimizations took 106 milliseconds
[15:13:37] [Render thread/INFO] (Minecraft) Environment: Environment[sessionHost=https://sessionserver.mojang.com, servicesHost=https://api.minecraftservices.com, name=PROD]
[15:13:37] [Render thread/INFO] (Minecraft) Setting user: Player946
[15:13:37] [Render thread/INFO] (fabric-networking-api-v1) Force Packet Serialization is enabled to mimic remote connection on single player, this is the default behaviour on dev env. Add -Dfabric-api.networking.force-packet-serialization=false JVM arg to disable it.
[15:13:37] [Render thread/INFO] (resourcefultrees) Registering ModBlocks for resourcefultrees
[15:13:37] [Render thread/INFO] (resourcefultrees) Registering Item Groups for resourcefultrees
[15:13:37] [Render thread/INFO] (resourcefultrees) Registering Block Entities for resourcefultrees
[15:13:37] [Render thread/INFO] (resourcefultrees) Registering Screen Handlers forresourcefultrees
[15:13:37] [Render thread/INFO] (Indigo) [Indigo] Registering Indigo renderer!
[15:13:37] [Download-2/ERROR] (Minecraft) Failed to fetch user properties
com.mojang.authlib.exceptions.InvalidCredentialsException: Status: 401
	at com.mojang.authlib.exceptions.MinecraftClientHttpException.toAuthenticationException(MinecraftClientHttpException.java:59) ~[authlib-6.0.52.jar:?]
	at com.mojang.authlib.yggdrasil.YggdrasilUserApiService.fetchProperties(YggdrasilUserApiService.java:150) ~[authlib-6.0.52.jar:?]
	at net.minecraft.client.MinecraftClient.method_55608(MinecraftClient.java:467) ~[minecraft-merged-dd71698084-1.20.4-net.fabricmc.yarn.1_20_4.1.20.4+build.3-v2.jar:?]
	at java.util.concurrent.CompletableFuture$AsyncSupply.run(CompletableFuture.java:1768) ~[?:?]
	at java.util.concurrent.ThreadPoolExecutor.runWorker(ThreadPoolExecutor.java:1136) ~[?:?]
	at java.util.concurrent.ThreadPoolExecutor$Worker.run(ThreadPoolExecutor.java:635) ~[?:?]
	at java.lang.Thread.run(Thread.java:833) ~[?:?]
Caused by: com.mojang.authlib.exceptions.MinecraftClientHttpException: Status: 401
	at com.mojang.authlib.minecraft.client.MinecraftClient.readInputStream(MinecraftClient.java:100) ~[authlib-6.0.52.jar:?]
	at com.mojang.authlib.minecraft.client.MinecraftClient.get(MinecraftClient.java:57) ~[authlib-6.0.52.jar:?]
	at com.mojang.authlib.yggdrasil.YggdrasilUserApiService.fetchProperties(YggdrasilUserApiService.java:121) ~[authlib-6.0.52.jar:?]
	... 5 more
[15:13:37] [Render thread/INFO] (Minecraft) Backend library: LWJGL version 3.3.2-snapshot
[15:13:38] [Render thread/ERROR] (Minecraft) Error while loading the narrator
com.mojang.text2speech.Narrator$InitializeException: Failed to load library flite
	at com.mojang.text2speech.NarratorLinux$FliteLibrary.loadNative(NarratorLinux.java:69) ~[text2speech-1.17.9.jar:?]
	at com.mojang.text2speech.NarratorLinux.<init>(NarratorLinux.java:18) ~[text2speech-1.17.9.jar:?]
	at com.mojang.text2speech.Narrator.getNarrator(Narrator.java:41) ~[text2speech-1.17.9.jar:?]
	at net.minecraft.client.util.NarratorManager.<init>(NarratorManager.java:19) ~[minecraft-merged-dd71698084-1.20.4-net.fabricmc.yarn.1_20_4.1.20.4+build.3-v2.jar:?]
	at net.minecraft.client.MinecraftClient.<init>(MinecraftClient.java:684) ~[minecraft-merged-dd71698084-1.20.4-net.fabricmc.yarn.1_20_4.1.20.4+build.3-v2.jar:?]
	at net.minecraft.client.main.Main.main(Main.java:223) ~[minecraft-merged-dd71698084-1.20.4-net.fabricmc.yarn.1_20_4.1.20.4+build.3-v2.jar:?]
	at net.fabricmc.loader.impl.game.minecraft.MinecraftGameProvider.launch(MinecraftGameProvider.java:470) ~[fabric-loader-0.15.10.jar:?]
	at net.fabricmc.loader.impl.launch.knot.Knot.launch(Knot.java:74) ~[fabric-loader-0.15.10.jar:?]
	at net.fabricmc.loader.impl.launch.knot.KnotClient.main(KnotClient.java:23) ~[fabric-loader-0.15.10.jar:?]
	at net.fabricmc.devlaunchinjector.Main.main(Main.java:86) ~[dev-launch-injector-0.2.1+build.8.jar:?]
Caused by: java.lang.UnsatisfiedLinkError: Unable to load library 'flite':
libflite.so: Kann die Shared-Object-Datei nicht öffnen: Datei oder Verzeichnis nicht gefunden
libflite.so: Kann die Shared-Object-Datei nicht öffnen: Datei oder Verzeichnis nicht gefunden
Native library (linux-x86-64/libflite.so) not found in resource path (/home/Sebastian/shared-files/Dev/java/minecraft/mods/fabric/resourcefultrees/build/classes/java/main:/home/Sebastian/shared-files/Dev/java/minecraft/mods/fabric/resourcefultrees/build/resources/main:/home/Sebastian/.gradle/caches/fabric-loom/1.20.4/net.fabricmc.yarn.1_20_4.1.20.4+build.3-v2/mappings.jar:/home/Sebastian/.gradle/caches/modules-2/files-2.1/org.ow2.asm/asm/9.6/aa205cf0a06dbd8e04ece91c0b37c3f5d567546a/asm-9.6.jar:/home/Sebastian/.gradle/caches/modules-2/files-2.1/org.ow2.asm/asm-analysis/9.6/9ce6c7b174bd997fc2552dff47964546bd7a5ec3/asm-analysis-9.6.jar:/home/Sebastian/.gradle/caches/modules-2/files-2.1/org.ow2.asm/asm-commons/9.6/f1a9e5508eff490744144565c47326c8648be309/asm-commons-9.6.jar:/home/Sebastian/.gradle/caches/modules-2/files-2.1/org.ow2.asm/asm-tree/9.6/c0cdda9d211e965d2a4448aa3fd86110f2f8c2de/asm-tree-9.6.jar:/home/Sebastian/.gradle/caches/modules-2/files-2.1/org.ow2.asm/asm-util/9.6/f77caf84eb93786a749b2baa40865b9613e3eaee/asm-util-9.6.jar:/home/Sebastian/.gradle/caches/modules-2/files-2.1/net.fabricmc/sponge-mixin/0.13.3+mixin.0.8.5/9527e6b0d2449408958fd1302594dc65ec5ade9c/sponge-mixin-0.13.3+mixin.0.8.5.jar:/home/Sebastian/.gradle/caches/modules-2/files-2.1/io.github.llamalad7/mixinextras-fabric/0.3.5/3b577be20ea942610b3045e4f0cd909fa415a9d3/mixinextras-fabric-0.3.5.jar:/home/Sebastian/.gradle/caches/modules-2/files-2.1/net.fabricmc/dev-launch-injector/0.2.1+build.8/da8bef7e6e2f952da707f282bdb46882a0fce5e3/dev-launch-injector-0.2.1+build.8.jar:/home/Sebastian/.gradle/caches/modules-2/files-2.1/net.minecrell/terminalconsoleappender/1.3.0/b562e9bb61235c9520e26282cdee71f8f802d1fc/terminalconsoleappender-1.3.0.jar:/home/Sebastian/.gradle/caches/modules-2/files-2.1/com.github.oshi/oshi-core/6.4.5/943ba26de047eb6b28fff47f5ee939a34eb5fc8e/oshi-core-6.4.5.jar:/home/Sebastian/.gradle/caches/modules-2/files-2.1/com.google.code.gson/gson/2.10.1/b3add478d4382b78ea20b1671390a858002feb6c/gson-2.10.1.jar:/home/Sebastian/.gradle/caches/modules-2/files-2.1/com.google.guava/failureaccess/1.0.1/1dcf1de382a0bf95a3d8b0849546c88bac1292c9/failureaccess-1.0.1.jar:/home/Sebastian/.gradle/caches/modules-2/files-2.1/com.google.guava/guava/32.1.2-jre/5e64ec7e056456bef3a4bc4c6fdaef71e8ab6318/guava-32.1.2-jre.jar:/home/Sebastian/.gradle/caches/modules-2/files-2.1/com.ibm.icu/icu4j/73.2/61ad4ef7f9131fcf6d25c34b817f90d6da06c9e9/icu4j-73.2.jar:/home/Sebastian/.gradle/caches/modules-2/files-2.1/com.mojang/authlib/6.0.52/65085e2eb921c4a3ebdde3d248637f1776e6d80d/authlib-6.0.52.jar:/home/Sebastian/.gradle/caches/modules-2/files-2.1/com.mojang/blocklist/1.0.10/5c685c5ffa94c4cd39496c7184c1d122e515ecef/blocklist-1.0.10.jar:/home/Sebastian/.gradle/caches/modules-2/files-2.1/com.mojang/brigadier/1.2.9/73e324f2ee541493a5179abf367237faa782ed21/brigadier-1.2.9.jar:/home/Sebastian/.gradle/caches/modules-2/files-2.1/com.mojang/datafixerupper/6.0.8/3ba4a30557a9b057760af4011f909ba619fc5125/datafixerupper-6.0.8.jar:/home/Sebastian/.gradle/caches/modules-2/files-2.1/com.mojang/logging/1.1.1/832b8e6674a9b325a5175a3a6267dfaf34c85139/logging-1.1.1.jar:/home/Sebastian/.gradle/caches/modules-2/files-2.1/com.mojang/patchy/2.2.10/da05971b07cbb379d002cf7eaec6a2048211fefc/patchy-2.2.10.jar:/home/Sebastian/.gradle/caches/modules-2/files-2.1/com.mojang/text2speech/1.17.9/3cad216e3a7f0c19b4b394388bc9ffc446f13b14/text2speech-1.17.9.jar:/home/Sebastian/.gradle/caches/modules-2/files-2.1/commons-codec/commons-codec/1.16.0/4e3eb3d79888d76b54e28b350915b5dc3919c9de/commons-codec-1.16.0.jar:/home/Sebastian/.gradle/caches/modules-2/files-2.1/commons-io/commons-io/2.13.0/8bb2bc9b4df17e2411533a0708a69f983bf5e83b/commons-io-2.13.0.jar:/home/Sebastian/.gradle/caches/modules-2/files-2.1/commons-logging/commons-logging/1.2/4bfc12adfe4842bf07b657f0369c4cb522955686/commons-logging-1.2.jar:/home/Sebastian/.gradle/caches/modules-2/files-2.1/io.netty/netty-buffer/4.1.97.Final/f8f3d8644afa5e6e1a40a3a6aeb9d9aa970ecb4f/netty-buffer-4.1.97.Final.jar:/home/Sebastian/.gradle/caches/modules-2/files-2.1/io.netty/netty-codec/4.1.97.Final/384ba4d75670befbedb45c4d3b497a93639c206d/netty-codec-4.1.97.Final.jar:/home/Sebastian/.gradle/caches/modules-2/files-2.1/io.netty/netty-common/4.1.97.Final/7cceacaf11df8dc63f23d0fb58e9d4640fc88404/netty-common-4.1.97.Final.jar:/home/Sebastian/.gradle/caches/modules-2/files-2.1/io.netty/netty-handler/4.1.97.Final/abb86c6906bf512bf2b797a41cd7d2e8d3cd7c36/netty-handler-4.1.97.Final.jar:/home/Sebastian/.gradle/caches/modules-2/files-2.1/io.netty/netty-resolver/4.1.97.Final/cec8348108dc76c47cf87c669d514be52c922144/netty-resolver-4.1.97.Final.jar:/home/Sebastian/.gradle/caches/modules-2/files-2.1/io.netty/netty-transport-classes-epoll/4.1.97.Final/795da37ded759e862457a82d9d92c4d39ce8ecee/netty-transport-classes-epoll-4.1.97.Final.jar:/home/Sebastian/.gradle/caches/modules-2/files-2.1/io.netty/netty-transport-native-epoll/4.1.97.Final/5514744c588190ffda076b35a9b8c9f24946a960/netty-transport-native-epoll-4.1.97.Final-linux-aarch_64.jar:/home/Sebastian/.gradle/caches/modules-2/files-2.1/io.netty/netty-transport-native-epoll/4.1.97.Final/54188f271e388e7f313aea995e82f58ce2cdb809/netty-transport-native-epoll-4.1.97.Final-linux-x86_64.jar:/home/Sebastian/.gradle/caches/modules-2/files-2.1/io.netty/netty-transport-native-unix-common/4.1.97.Final/d469d84265ab70095b01b40886cabdd433b6e664/netty-transport-native-unix-common-4.1.97.Final.jar:/home/Sebastian/.gradle/caches/modules-2/files-2.1/io.netty/netty-transport/4.1.97.Final/f37380d23c9bb079bc702910833b2fd532c9abd0/netty-transport-4.1.97.Final.jar:/home/Sebastian/.gradle/caches/modules-2/files-2.1/it.unimi.dsi/fastutil/8.5.12/c24946d46824bd528054bface3231d2ecb7e95e8/fastutil-8.5.12.jar:/home/Sebastian/.gradle/caches/modules-2/files-2.1/net.java.dev.jna/jna-platform/5.13.0/88e9a306715e9379f3122415ef4ae759a352640d/jna-platform-5.13.0.jar:/home/Sebastian/.gradle/caches/modules-2/files-2.1/net.java.dev.jna/jna/5.13.0/1200e7ebeedbe0d10062093f32925a912020e747/jna-5.13.0.jar:/home/Sebastian/.gradle/caches/modules-2/files-2.1/net.sf.jopt-simple/jopt-simple/5.0.4/4fdac2fbe92dfad86aa6e9301736f6b4342a3f5c/jopt-simple-5.0.4.jar:/home/Sebastian/.gradle/caches/modules-2/files-2.1/org.apache.commons/commons-compress/1.22/691a8b4e6cf4248c3bc72c8b719337d5cb7359fa/commons-compress-1.22.jar:/home/Sebastian/.gradle/caches/modules-2/files-2.1/org.apache.commons/commons-lang3/3.13.0/b7263237aa89c1f99b327197c41d0669707a462e/commons-lang3-3.13.0.jar:/home/Sebastian/.gradle/caches/modules-2/files-2.1/org.apache.httpcomponents/httpclient/4.5.13/e5f6cae5ca7ecaac1ec2827a9e2d65ae2869cada/httpclient-4.5.13.jar:/home/Sebastian/.gradle/caches/modules-2/files-2.1/org.apache.httpcomponents/httpcore/4.4.16/51cf043c87253c9f58b539c9f7e44c8894223850/httpcore-4.4.16.jar:/home/Sebastian/.gradle/caches/modules-2/files-2.1/org.apache.logging.log4j/log4j-core/2.19.0/3b6eeb4de4c49c0fe38a4ee27188ff5fee44d0bb/log4j-core-2.19.0.jar:/home/Sebastian/.gradle/caches/modules-2/files-2.1/org.apache.logging.log4j/log4j-api/2.19.0/ea1b37f38c327596b216542bc636cfdc0b8036fa/log4j-api-2.19.0.jar:/home/Sebastian/.gradle/caches/modules-2/files-2.1/org.apache.logging.log4j/log4j-slf4j2-impl/2.19.0/5c04bfdd63ce9dceb2e284b81e96b6a70010ee10/log4j-slf4j2-impl-2.19.0.jar:/home/Sebastian/.gradle/caches/modules-2/files-2.1/org.joml/joml/1.10.5/22566d58af70ad3d72308bab63b8339906deb649/joml-1.10.5.jar:/home/Sebastian/.gradle/caches/modules-2/files-2.1/org.lwjgl/lwjgl-glfw/3.3.2/757920418805fb90bfebb3d46b1d9e7669fca2eb/lwjgl-glfw-3.3.2.jar:/home/Sebastian/.gradle/caches/modules-2/files-2.1/org.lwjgl/lwjgl-glfw/3.3.2/766bb0e8e829598b1c8052fd8173c62af741c52/lwjgl-glfw-3.3.2-natives-linux.jar:/home/Sebastian/.gradle/caches/modules-2/files-2.1/org.lwjgl/lwjgl-jemalloc/3.3.2/877e17e39ebcd58a9c956dc3b5b777813de0873a/lwjgl-jemalloc-3.3.2.jar:/home/Sebastian/.gradle/caches/modules-2/files-2.1/org.lwjgl/lwjgl-jemalloc/3.3.2/2bc33176cdfabf34a63df154b80914e8f433316b/lwjgl-jemalloc-3.3.2-natives-linux.jar:/home/Sebastian/.gradle/caches/modules-2/files-2.1/org.lwjgl/lwjgl-openal/3.3.2/ae5357ed6d934546d3533993ea84c0cfb75eed95/lwjgl-openal-3.3.2.jar:/home/Sebastian/.gradle/caches/modules-2/files-2.1/org.lwjgl/lwjgl-openal/3.3.2/650981780b8bbfb3ce43657b22ec8e77bfb1f37a/lwjgl-openal-3.3.2-natives-linux.jar:/home/Sebastian/.gradle/caches/modules-2/files-2.1/org.lwjgl/lwjgl-opengl/3.3.2/ee8e95be0b438602038bc1f02dc5e3d011b1b216/lwjgl-opengl-3.3.2.jar:/home/Sebastian/.gradle/caches/modules-2/files-2.1/org.lwjgl/lwjgl-opengl/3.3.2/b8368430ef0d91a5acbc6fbfa47b20c3ec083aec/lwjgl-opengl-3.3.2-natives-linux.jar:/home/Sebastian/.gradle/caches/modules-2/files-2.1/org.lwjgl/lwjgl-stb/3.3.2/a2550795014d622b686e9caac50b14baa87d2c70/lwjgl-stb-3.3.2.jar:/home/Sebastian/.gradle/caches/modules-2/files-2.1/org.lwjgl/lwjgl-stb/3.3.2/5c987f43b342d722b54970159040af76f1c87403/lwjgl-stb-3.3.2-natives-linux.jar:/home/Sebastian/.gradle/caches/modules-2/files-2.1/org.lwjgl/lwjgl-tinyfd/3.3.2/9f65c248dd77934105274fcf8351abb75b34327c/lwjgl-tinyfd-3.3.2.jar:/home/Sebastian/.gradle/caches/modules-2/files-2.1/org.lwjgl/lwjgl-tinyfd/3.3.2/5d27fc67172b3fcd8400d61a7cfb75da881f609/lwjgl-tinyfd-3.3.2-natives-linux.jar:/home/Sebastian/.gradle/caches/modules-2/files-2.1/org.lwjgl/lwjgl/3.3.2/4421d94af68e35dcaa31737a6fc59136a1e61b94/lwjgl-3.3.2.jar:/home/Sebastian/.gradle/caches/modules-2/files-2.1/org.lwjgl/lwjgl/3.3.2/767684973f259d97e7dc66a125eb153986f177e7/lwjgl-3.3.2-natives-linux.jar:/home/Sebastian/.gradle/caches/modules-2/files-2.1/org.slf4j/slf4j-api/2.0.7/41eb7184ea9d556f23e18b5cb99cad1f8581fc00/slf4j-api-2.0.7.jar:/home/Sebastian/shared-files/Dev/java/minecraft/mods/fabric/resourcefultrees/.gradle/loom-cache/minecraftMaven/net/minecraft/minecraft-merged-dd71698084/1.20.4-net.fabricmc.yarn.1_20_4.1.20.4+build.3-v2/minecraft-merged-dd71698084-1.20.4-net.fabricmc.yarn.1_20_4.1.20.4+build.3-v2.jar:/home/Sebastian/.gradle/caches/modules-2/files-2.1/net.fabricmc/fabric-loader/0.15.10/3538922fb4094a9d600d528e7acccac662b8a3c2/fabric-loader-0.15.10.jar:/home/Sebastian/shared-files/Dev/java/minecraft/mods/fabric/resourcefultrees/.gradle/loom-cache/remapped_mods/net_fabricmc_yarn_1_20_4_1_20_4_build_3_v2/net/fabricmc/fabric-api/fabric-api/0.97.0+1.20.4/fabric-api-0.97.0+1.20.4.jar:/home/Sebastian/shared-files/Dev/java/minecraft/mods/fabric/resourcefultrees/.gradle/loom-cache/remapped_mods/net_fabricmc_yarn_1_20_4_1_20_4_build_3_v2/net/fabricmc/fabric-api/fabric-transfer-api-v1/4.0.12+90f2d7b14f/fabric-transfer-api-v1-4.0.12+90f2d7b14f.jar:/home/Sebastian/shared-files/Dev/java/minecraft/mods/fabric/resourcefultrees/.gradle/loom-cache/remapped_mods/net_fabricmc_yarn_1_20_4_1_20_4_build_3_v2/net/fabricmc/fabric-api/fabric-api-lookup-api-v1/1.6.50+82b1bb3e4f/fabric-api-lookup-api-v1-1.6.50+82b1bb3e4f.jar:/home/Sebastian/shared-files/Dev/java/minecraft/mods/fabric/resourcefultrees/.gradle/loom-cache/remapped_mods/net_fabricmc_yarn_1_20_4_1_20_4_build_3_v2/net/fabricmc/fabric-api/fabric-blockrenderlayer-v1/1.1.47+78d798af4f/fabric-blockrenderlayer-v1-1.1.47+78d798af4f.jar:/home/Sebastian/shared-files/Dev/java/minecraft/mods/fabric/resourcefultrees/.gradle/loom-cache/remapped_mods/net_fabricmc_yarn_1_20_4_1_20_4_build_3_v2/net/fabricmc/fabric-api/fabric-client-tags-api-v1/1.1.8+78d798af4f/fabric-client-tags-api-v1-1.1.8+78d798af4f.jar:/home/Sebastian/shared-files/Dev/java/minecraft/mods/fabric/resourcefultrees/.gradle/loom-cache/remapped_mods/net_fabricmc_yarn_1_20_4_1_20_4_build_3_v2/net/fabricmc/fabric-api/fabric-command-api-v1/1.2.42+f71b366f4f/fabric-command-api-v1-1.2.42+f71b366f4f.jar:/home/Sebastian/shared-files/Dev/java/minecraft/mods/fabric/resourcefultrees/.gradle/loom-cache/remapped_mods/net_fabricmc_yarn_1_20_4_1_20_4_build_3_v2/net/fabricmc/fabric-api/fabric-commands-v0/0.2.59+df3654b34f/fabric-commands-v0-0.2.59+df3654b34f.jar:/home/Sebastian/shared-files/Dev/java/minecraft/mods/fabric/resourcefultrees/.gradle/loom-cache/remapped_mods/net_fabricmc_yarn_1_20_4_1_20_4_build_3_v2/net/fabricmc/fabric-api/fabric-command-api-v2/2.2.21+78d798af4f/fabric-command-api-v2-2.2.21+78d798af4f.jar:/home/Sebastian/shared-files/Dev/java/minecraft/mods/fabric/resourcefultrees/.gradle/loom-cache/remapped_mods/net_fabricmc_yarn_1_20_4_1_20_4_build_3_v2/net/fabricmc/fabric-api/fabric-content-registries-v0/5.0.16+78d798af4f/fabric-content-registries-v0-5.0.16+78d798af4f.jar:/home/Sebastian/shared-files/Dev/java/minecraft/mods/fabric/resourcefultrees/.gradle/loom-cache/remapped_mods/net_fabricmc_yarn_1_20_4_1_20_4_build_3_v2/net/fabricmc/fabric-api/fabric-convention-tags-v1/1.5.11+78d798af4f/fabric-convention-tags-v1-1.5.11+78d798af4f.jar:/home/Sebastian/shared-files/Dev/java/minecraft/mods/fabric/resourcefultrees/.gradle/loom-cache/remapped_mods/net_fabricmc_yarn_1_20_4_1_20_4_build_3_v2/net/fabricmc/fabric-api/fabric-data-attachment-api-v1/1.1.5+b90db5744f/fabric-data-attachment-api-v1-1.1.5+b90db5744f.jar:/home/Sebastian/shared-files/Dev/java/minecraft/mods/fabric/resourcefultrees/.gradle/loom-cache/remapped_mods/net_fabricmc_yarn_1_20_4_1_20_4_build_3_v2/net/fabricmc/fabric-api/fabric-data-generation-api-v1/13.2.5+5c0133444f/fabric-data-generation-api-v1-13.2.5+5c0133444f.jar:/home/Sebastian/shared-files/Dev/java/minecraft/mods/fabric/resourcefultrees/.gradle/loom-cache/remapped_mods/net_fabricmc_yarn_1_20_4_1_20_4_build_3_v2/net/fabricmc/fabric-api/fabric-dimensions-v1/2.1.62+78d798af4f/fabric-dimensions-v1-2.1.62+78d798af4f.jar:/home/Sebastian/shared-files/Dev/java/minecraft/mods/fabric/resourcefultrees/.gradle/loom-cache/remapped_mods/net_fabricmc_yarn_1_20_4_1_20_4_build_3_v2/net/fabricmc/fabric-api/fabric-entity-events-v1/1.6.2+09fc25014f/fabric-entity-events-v1-1.6.2+09fc25014f.jar:/home/Sebastian/shared-files/Dev/java/minecraft/mods/fabric/resourcefultrees/.gradle/loom-cache/remapped_mods/net_fabricmc_yarn_1_20_4_1_20_4_build_3_v2/net/fabricmc/fabric-api/fabric-events-interaction-v0/0.7.2+389931eb4f/fabric-events-interaction-v0-0.7.2+389931eb4f.jar:/home/Sebastian/shared-files/Dev/java/minecraft/mods/fabric/resourcefultrees/.gradle/loom-cache/remapped_mods/net_fabricmc_yarn_1_20_4_1_20_4_build_3_v2/net/fabricmc/fabric-api/fabric-gametest-api-v1/1.3.6+85d85a934f/fabric-gametest-api-v1-1.3.6+85d85a934f.jar:/home/Sebastian/shared-files/Dev/java/minecraft/mods/fabric/resourcefultrees/.gradle/loom-cache/remapped_mods/net_fabricmc_yarn_1_20_4_1_20_4_build_3_v2/net/fabricmc/fabric-api/fabric-events-lifecycle-v0/0.2.75+df3654b34f/fabric-events-lifecycle-v0-0.2.75+df3654b34f.jar:/home/Sebastian/shared-files/Dev/java/minecraft/mods/fabric/resourcefultrees/.gradle/loom-cache/remapped_mods/net_fabricmc_yarn_1_20_4_1_20_4_build_3_v2/net/fabricmc/fabric-api/fabric-item-api-v1/2.3.0+bcdd12964f/fabric-item-api-v1-2.3.0+bcdd12964f.jar:/home/Sebastian/shared-files/Dev/java/minecraft/mods/fabric/resourcefultrees/.gradle/loom-cache/remapped_mods/net_fabricmc_yarn_1_20_4_1_20_4_build_3_v2/net/fabricmc/fabric-api/fabric-item-group-api-v1/4.0.27+ee30b13a4f/fabric-item-group-api-v1-4.0.27+ee30b13a4f.jar:/home/Sebastian/shared-files/Dev/java/minecraft/mods/fabric/resourcefultrees/.gradle/loom-cache/remapped_mods/net_fabricmc_yarn_1_20_4_1_20_4_build_3_v2/net/fabricmc/fabric-api/fabric-mining-level-api-v1/2.1.66+78d798af4f/fabric-mining-level-api-v1-2.1.66+78d798af4f.jar:/home/Sebastian/shared-files/Dev/java/minecraft/mods/fabric/resourcefultrees/.gradle/loom-cache/remapped_mods/net_fabricmc_yarn_1_20_4_1_20_4_build_3_v2/net/fabricmc/fabric-api/fabric-lifecycle-events-v1/2.3.1+a67ffb5d4f/fabric-lifecycle-events-v1-2.3.1+a67ffb5d4f.jar:/home/Sebastian/shared-files/Dev/java/minecraft/mods/fabric/resourcefultrees/.gradle/loom-cache/remapped_mods/net_fabricmc_yarn_1_20_4_1_20_4_build_3_v2/net/fabricmc/fabric-api/fabric-loot-api-v2/2.1.10+78d798af4f/fabric-loot-api-v2-2.1.10+78d798af4f.jar:/home/Sebastian/shared-files/Dev/java/minecraft/mods/fabric/resourcefultrees/.gradle/loom-cache/remapped_mods/net_fabricmc_yarn_1_20_4_1_20_4_build_3_v2/net/fabricmc/fabric-api/fabric-message-api-v1/6.0.6+78d798af4f/fabric-message-api-v1-6.0.6+78d798af4f.jar:/home/Sebastian/shared-files/Dev/java/minecraft/mods/fabric/resourcefultrees/.gradle/loom-cache/remapped_mods/net_fabricmc_yarn_1_20_4_1_20_4_build_3_v2/net/fabricmc/fabric-api/fabric-models-v0/0.4.8+9386d8a74f/fabric-models-v0-0.4.8+9386d8a74f.jar:/home/Sebastian/shared-files/Dev/java/minecraft/mods/fabric/resourcefultrees/.gradle/loom-cache/remapped_mods/net_fabricmc_yarn_1_20_4_1_20_4_build_3_v2/net/fabricmc/fabric-api/fabric-model-loading-api-v1/1.0.9+78d798af4f/fabric-model-loading-api-v1-1.0.9+78d798af4f.jar:/home/Sebastian/shared-files/Dev/java/minecraft/mods/fabric/resourcefultrees/.gradle/loom-cache/remapped_mods/net_fabricmc_yarn_1_20_4_1_20_4_build_3_v2/net/fabricmc/fabric-api/fabric-recipe-api-v1/2.0.21+78d798af4f/fabric-recipe-api-v1-2.0.21+78d798af4f.jar:/home/Sebastian/shared-files/Dev/java/minecraft/mods/fabric/resourcefultrees/.gradle/loom-cache/remapped_mods/net_fabricmc_yarn_1_20_4_1_20_4_build_3_v2/net/fabricmc/fabric-api/fabric-registry-sync-v0/4.0.20+ee30b13a4f/fabric-registry-sync-v0-4.0.20+ee30b13a4f.jar:/home/Sebastian/shared-files/Dev/java/minecraft/mods/fabric/resourcefultrees/.gradle/loom-cache/remapped_mods/net_fabricmc_yarn_1_20_4_1_20_4_build_3_v2/net/fabricmc/fabric-api/fabric-screen-handler-api-v1/1.3.56+78d798af4f/fabric-screen-handler-api-v1-1.3.56+78d798af4f.jar:/home/Sebastian/shared-files/Dev/java/minecraft/mods/fabric/resourcefultrees/.gradle/loom-cache/remapped_mods/net_fabricmc_yarn_1_20_4_1_20_4_build_3_v2/net/fabricmc/fabric-api/fabric-containers-v0/0.1.87+df3654b34f/fabric-containers-v0-0.1.87+df3654b34f.jar:/home/Sebastian/shared-files/Dev/java/minecraft/mods/fabric/resourcefultrees/.gradle/loom-cache/remapped_mods/net_fabricmc_yarn_1_20_4_1_20_4_build_3_v2/net/fabricmc/fabric-api/fabric-networking-api-v1/3.1.8+2e5ac5484f/fabric-networking-api-v1-3.1.8+2e5ac5484f.jar:/home/Sebastian/shared-files/Dev/java/minecraft/mods/fabric/resourcefultrees/.gradle/loom-cache/remapped_mods/net_fabricmc_yarn_1_20_4_1_20_4_build_3_v2/net/fabricmc/fabric-api/fabric-object-builder-api-v1/13.1.0+dba1195c4f/fabric-object-builder-api-v1-13.1.0+dba1195c4f.jar:/home/Sebastian/shared-files/Dev/java/minecraft/mods/fabric/resourcefultrees/.gradle/loom-cache/remapped_mods/net_fabricmc_yarn_1_20_4_1_20_4_build_3_v2/net/fabricmc/fabric-api/fabric-particles-v1/1.1.8+78d798af4f/fabric-particles-v1-1.1.8+78d798af4f.jar:/home/Sebastian/shared-files/Dev/java/minecraft/mods/fabric/resourcefultrees/.gradle/loom-cache/remapped_mods/net_fabricmc_yarn_1_20_4_1_20_4_build_3_v2/net/fabricmc/fabric-api/fabric-renderer-indigo/1.5.5+78d798af4f/fabric-renderer-indigo-1.5.5+78d798af4f.jar:/home/Sebastian/shared-files/Dev/java/minecraft/mods/fabric/resourcefultrees/.gradle/loom-cache/remapped_mods/net_fabricmc_yarn_1_20_4_1_20_4_build_3_v2/net/fabricmc/fabric-api/fabric-renderer-api-v1/3.2.5+78d798af4f/fabric-renderer-api-v1-3.2.5+78d798af4f.jar:/home/Sebastian/shared-files/Dev/java/minecraft/mods/fabric/resourcefultrees/.gradle/loom-cache/remapped_mods/net_fabricmc_yarn_1_20_4_1_20_4_build_3_v2/net/fabricmc/fabric-api/fabric-rendering-fluids-v1/3.1.2+e761c6694f/fabric-rendering-fluids-v1-3.1.2+e761c6694f.jar:/home/Sebastian/shared-files/Dev/java/minecraft/mods/fabric/resourcefultrees/.gradle/loom-cache/remapped_mods/net_fabricmc_yarn_1_20_4_1_20_4_build_3_v2/net/fabricmc/fabric-api/fabric-renderer-registries-v1/3.2.54+df3654b34f/fabric-renderer-registries-v1-3.2.54+df3654b34f.jar:/home/Sebastian/shared-files/Dev/java/minecraft/mods/fabric/resourcefultrees/.gradle/loom-cache/remapped_mods/net_fabricmc_yarn_1_20_4_1_20_4_build_3_v2/net/fabricmc/fabric-api/fabric-rendering-v0/1.1.57+df3654b34f/fabric-rendering-v0-1.1.57+df3654b34f.jar:/home/Sebastian/shared-files/Dev/java/minecraft/mods/fabric/resourcefultrees/.gradle/loom-cache/remapped_mods/net_fabricmc_yarn_1_20_4_1_20_4_build_3_v2/net/fabricmc/fabric-api/fabric-rendering-v1/3.2.1+6fd945a04f/fabric-rendering-v1-3.2.1+6fd945a04f.jar:/home/Sebastian/shared-files/Dev/java/minecraft/mods/fabric/resourcefultrees/.gradle/loom-cache/remapped_mods/net_fabricmc_yarn_1_20_4_1_20_4_build_3_v2/net/fabricmc/fabric-api/fabric-screen-api-v1/2.0.18+78d798af4f/fabric-screen-api-v1-2.0.18+78d798af4f.jar:/home/Sebastian/shared-files/Dev/java/minecraft/mods/fabric/resourcefultrees/.gradle/loom-cache/remapped_mods/net_fabricmc_yarn_1_20_4_1_20_4_build_3_v2/net/fabricmc/fabric-api/fabric-api-base/0.4.37+78d798af4f/fabric-api-base-0.4.37+78d798af4f.jar:/home/Sebastian/shared-files/Dev/java/minecraft/mods/fabric/resourcefultrees/.gradle/loom-cache/remapped_mods/net_fabricmc_yarn_1_20_4_1_20_4_build_3_v2/net/fabricmc/fabric-api/fabric-biome-api-v1/13.0.17+78d798af4f/fabric-biome-api-v1-13.0.17+78d798af4f.jar:/home/Sebastian/shared-files/Dev/java/minecraft/mods/fabric/resourcefultrees/.gradle/loom-cache/remapped_mods/net_fabricmc_yarn_1_20_4_1_20_4_build_3_v2/net/fabricmc/fabric-api/fabric-block-api-v1/1.0.17+3e2216cb4f/fabric-block-api-v1-1.0.17+3e2216cb4f.jar:/home/Sebastian/shared-files/Dev/java/minecraft/mods/fabric/resourcefultrees/.gradle/loom-cache/remapped_mods/net_fabricmc_yarn_1_20_4_1_20_4_build_3_v2/net/fabricmc/fabric-api/fabric-rendering-data-attachment-v1/0.3.43+73761d2e4f/fabric-rendering-data-attachment-v1-0.3.43+73761d2e4f.jar:/home/Sebastian/shared-files/Dev/java/minecraft/mods/fabric/resourcefultrees/.gradle/loom-cache/remapped_mods/net_fabricmc_yarn_1_20_4_1_20_4_build_3_v2/net/fabricmc/fabric-api/fabric-block-view-api-v2/1.0.5+78d798af4f/fabric-block-view-api-v2-1.0.5+78d798af4f.jar:/home/Sebastian/shared-files/Dev/java/minecraft/mods/fabric/resourcefultrees/.gradle/loom-cache/remapped_mods/net_fabricmc_yarn_1_20_4_1_20_4_build_3_v2/net/fabricmc/fabric-api/fabric-crash-report-info-v1/0.2.24+78d798af4f/fabric-crash-report-info-v1-0.2.24+78d798af4f.jar:/home/Sebastian/shared-files/Dev/java/minecraft/mods/fabric/resourcefultrees/.gradle/loom-cache/remapped_mods/net_fabricmc_yarn_1_20_4_1_20_4_build_3_v2/net/fabricmc/fabric-api/fabric-game-rule-api-v1/1.0.47+78d798af4f/fabric-game-rule-api-v1-1.0.47+78d798af4f.jar:/home/Sebastian/shared-files/Dev/java/minecraft/mods/fabric/resourcefultrees/.gradle/loom-cache/remapped_mods/net_fabricmc_yarn_1_20_4_1_20_4_build_3_v2/net/fabricmc/fabric-api/fabric-keybindings-v0/0.2.40+df3654b34f/fabric-keybindings-v0-0.2.40+df3654b34f.jar:/home/Sebastian/shared-files/Dev/java/minecraft/mods/fabric/resourcefultrees/.gradle/loom-cache/remapped_mods/net_fabricmc_yarn_1_20_4_1_20_4_build_3_v2/net/fabricmc/fabric-api/fabric-key-binding-api-v1/1.0.42+78d798af4f/fabric-key-binding-api-v1-1.0.42+78d798af4f.jar:/home/Sebastian/shared-files/Dev/java/minecraft/mods/fabric/resourcefultrees/.gradle/loom-cache/remapped_mods/net_fabricmc_yarn_1_20_4_1_20_4_build_3_v2/net/fabricmc/fabric-api/fabric-resource-conditions-api-v1/2.3.15+78d798af4f/fabric-resource-conditions-api-v1-2.3.15+78d798af4f.jar:/home/Sebastian/shared-files/Dev/java/minecraft/mods/fabric/resourcefultrees/.gradle/loom-cache/remapped_mods/net_fabricmc_yarn_1_20_4_1_20_4_build_3_v2/net/fabricmc/fabric-api/fabric-resource-loader-v0/0.11.21+ee30b13a4f/fabric-resource-loader-v0-0.11.21+ee30b13a4f.jar:/home/Sebastian/shared-files/Dev/java/minecraft/mods/fabric/resourcefultrees/.gradle/loom-cache/remapped_mods/net_fabricmc_yarn_1_20_4_1_20_4_build_3_v2/net/fabricmc/fabric-api/fabric-sound-api-v1/1.0.18+78d798af4f/fabric-sound-api-v1-1.0.18+78d798af4f.jar:/home/Sebastian/shared-files/Dev/java/minecraft/mods/fabric/resourcefultrees/.gradle/loom-cache/remapped_mods/net_fabricmc_yarn_1_20_4_1_20_4_build_3_v2/net/fabricmc/fabric-api/fabric-transitive-access-wideners-v1/5.0.15+78d798af4f/fabric-transitive-access-wideners-v1-5.0.15+78d798af4f.jar:/home/Sebastian/.gradle/caches/modules-2/files-2.1/org.jline/jline-reader/3.20.0/8f15415b022a25b473e8e16c28ae913186ffb9c4/jline-reader-3.20.0.jar:/home/Sebastian/.gradle/caches/modules-2/files-2.1/org.jline/jline-terminal/3.20.0/d0ddcc708ddf527a3454c941b7b9225cc83a15ff/jline-terminal-3.20.0.jar)
	at com.sun.jna.NativeLibrary.loadLibrary(NativeLibrary.java:323) ~[jna-5.13.0.jar:5.13.0 (b0)]
	at com.sun.jna.NativeLibrary.getInstance(NativeLibrary.java:483) ~[jna-5.13.0.jar:5.13.0 (b0)]
	at com.sun.jna.NativeLibrary.getInstance(NativeLibrary.java:425) ~[jna-5.13.0.jar:5.13.0 (b0)]
	at com.mojang.text2speech.NarratorLinux$FliteLibrary.loadNative(NarratorLinux.java:67) ~[text2speech-1.17.9.jar:?]
	... 9 more
	Suppressed: java.lang.UnsatisfiedLinkError: libflite.so: Kann die Shared-Object-Datei nicht öffnen: Datei oder Verzeichnis nicht gefunden
		at com.sun.jna.Native.open(Native Method) ~[jna-5.13.0.jar:5.13.0 (b0)]
		at com.sun.jna.NativeLibrary.loadLibrary(NativeLibrary.java:211) ~[jna-5.13.0.jar:5.13.0 (b0)]
		at com.sun.jna.NativeLibrary.getInstance(NativeLibrary.java:483) ~[jna-5.13.0.jar:5.13.0 (b0)]
		at com.sun.jna.NativeLibrary.getInstance(NativeLibrary.java:425) ~[jna-5.13.0.jar:5.13.0 (b0)]
		at com.mojang.text2speech.NarratorLinux$FliteLibrary.loadNative(NarratorLinux.java:67) ~[text2speech-1.17.9.jar:?]
		at com.mojang.text2speech.NarratorLinux.<init>(NarratorLinux.java:18) ~[text2speech-1.17.9.jar:?]
		at com.mojang.text2speech.Narrator.getNarrator(Narrator.java:41) ~[text2speech-1.17.9.jar:?]
		at net.minecraft.client.util.NarratorManager.<init>(NarratorManager.java:19) ~[minecraft-merged-dd71698084-1.20.4-net.fabricmc.yarn.1_20_4.1.20.4+build.3-v2.jar:?]
		at net.minecraft.client.MinecraftClient.<init>(MinecraftClient.java:684) ~[minecraft-merged-dd71698084-1.20.4-net.fabricmc.yarn.1_20_4.1.20.4+build.3-v2.jar:?]
		at net.minecraft.client.main.Main.main(Main.java:223) ~[minecraft-merged-dd71698084-1.20.4-net.fabricmc.yarn.1_20_4.1.20.4+build.3-v2.jar:?]
		at net.fabricmc.loader.impl.game.minecraft.MinecraftGameProvider.launch(MinecraftGameProvider.java:470) ~[fabric-loader-0.15.10.jar:?]
		at net.fabricmc.loader.impl.launch.knot.Knot.launch(Knot.java:74) ~[fabric-loader-0.15.10.jar:?]
		at net.fabricmc.loader.impl.launch.knot.KnotClient.main(KnotClient.java:23) ~[fabric-loader-0.15.10.jar:?]
		at net.fabricmc.devlaunchinjector.Main.main(Main.java:86) ~[dev-launch-injector-0.2.1+build.8.jar:?]
	Suppressed: java.lang.UnsatisfiedLinkError: libflite.so: Kann die Shared-Object-Datei nicht öffnen: Datei oder Verzeichnis nicht gefunden
		at com.sun.jna.Native.open(Native Method) ~[jna-5.13.0.jar:5.13.0 (b0)]
		at com.sun.jna.NativeLibrary.loadLibrary(NativeLibrary.java:224) ~[jna-5.13.0.jar:5.13.0 (b0)]
		at com.sun.jna.NativeLibrary.getInstance(NativeLibrary.java:483) ~[jna-5.13.0.jar:5.13.0 (b0)]
		at com.sun.jna.NativeLibrary.getInstance(NativeLibrary.java:425) ~[jna-5.13.0.jar:5.13.0 (b0)]
		at com.mojang.text2speech.NarratorLinux$FliteLibrary.loadNative(NarratorLinux.java:67) ~[text2speech-1.17.9.jar:?]
		at com.mojang.text2speech.NarratorLinux.<init>(NarratorLinux.java:18) ~[text2speech-1.17.9.jar:?]
		at com.mojang.text2speech.Narrator.getNarrator(Narrator.java:41) ~[text2speech-1.17.9.jar:?]
		at net.minecraft.client.util.NarratorManager.<init>(NarratorManager.java:19) ~[minecraft-merged-dd71698084-1.20.4-net.fabricmc.yarn.1_20_4.1.20.4+build.3-v2.jar:?]
		at net.minecraft.client.MinecraftClient.<init>(MinecraftClient.java:684) ~[minecraft-merged-dd71698084-1.20.4-net.fabricmc.yarn.1_20_4.1.20.4+build.3-v2.jar:?]
		at net.minecraft.client.main.Main.main(Main.java:223) ~[minecraft-merged-dd71698084-1.20.4-net.fabricmc.yarn.1_20_4.1.20.4+build.3-v2.jar:?]
		at net.fabricmc.loader.impl.game.minecraft.MinecraftGameProvider.launch(MinecraftGameProvider.java:470) ~[fabric-loader-0.15.10.jar:?]
		at net.fabricmc.loader.impl.launch.knot.Knot.launch(Knot.java:74) ~[fabric-loader-0.15.10.jar:?]
		at net.fabricmc.loader.impl.launch.knot.KnotClient.main(KnotClient.java:23) ~[fabric-loader-0.15.10.jar:?]
		at net.fabricmc.devlaunchinjector.Main.main(Main.java:86) ~[dev-launch-injector-0.2.1+build.8.jar:?]
	Suppressed: java.io.IOException: Native library (linux-x86-64/libflite.so) not found in resource path (/home/Sebastian/shared-files/Dev/java/minecraft/mods/fabric/resourcefultrees/build/classes/java/main:/home/Sebastian/shared-files/Dev/java/minecraft/mods/fabric/resourcefultrees/build/resources/main:/home/Sebastian/.gradle/caches/fabric-loom/1.20.4/net.fabricmc.yarn.1_20_4.1.20.4+build.3-v2/mappings.jar:/home/Sebastian/.gradle/caches/modules-2/files-2.1/org.ow2.asm/asm/9.6/aa205cf0a06dbd8e04ece91c0b37c3f5d567546a/asm-9.6.jar:/home/Sebastian/.gradle/caches/modules-2/files-2.1/org.ow2.asm/asm-analysis/9.6/9ce6c7b174bd997fc2552dff47964546bd7a5ec3/asm-analysis-9.6.jar:/home/Sebastian/.gradle/caches/modules-2/files-2.1/org.ow2.asm/asm-commons/9.6/f1a9e5508eff490744144565c47326c8648be309/asm-commons-9.6.jar:/home/Sebastian/.gradle/caches/modules-2/files-2.1/org.ow2.asm/asm-tree/9.6/c0cdda9d211e965d2a4448aa3fd86110f2f8c2de/asm-tree-9.6.jar:/home/Sebastian/.gradle/caches/modules-2/files-2.1/org.ow2.asm/asm-util/9.6/f77caf84eb93786a749b2baa40865b9613e3eaee/asm-util-9.6.jar:/home/Sebastian/.gradle/caches/modules-2/files-2.1/net.fabricmc/sponge-mixin/0.13.3+mixin.0.8.5/9527e6b0d2449408958fd1302594dc65ec5ade9c/sponge-mixin-0.13.3+mixin.0.8.5.jar:/home/Sebastian/.gradle/caches/modules-2/files-2.1/io.github.llamalad7/mixinextras-fabric/0.3.5/3b577be20ea942610b3045e4f0cd909fa415a9d3/mixinextras-fabric-0.3.5.jar:/home/Sebastian/.gradle/caches/modules-2/files-2.1/net.fabricmc/dev-launch-injector/0.2.1+build.8/da8bef7e6e2f952da707f282bdb46882a0fce5e3/dev-launch-injector-0.2.1+build.8.jar:/home/Sebastian/.gradle/caches/modules-2/files-2.1/net.minecrell/terminalconsoleappender/1.3.0/b562e9bb61235c9520e26282cdee71f8f802d1fc/terminalconsoleappender-1.3.0.jar:/home/Sebastian/.gradle/caches/modules-2/files-2.1/com.github.oshi/oshi-core/6.4.5/943ba26de047eb6b28fff47f5ee939a34eb5fc8e/oshi-core-6.4.5.jar:/home/Sebastian/.gradle/caches/modules-2/files-2.1/com.google.code.gson/gson/2.10.1/b3add478d4382b78ea20b1671390a858002feb6c/gson-2.10.1.jar:/home/Sebastian/.gradle/caches/modules-2/files-2.1/com.google.guava/failureaccess/1.0.1/1dcf1de382a0bf95a3d8b0849546c88bac1292c9/failureaccess-1.0.1.jar:/home/Sebastian/.gradle/caches/modules-2/files-2.1/com.google.guava/guava/32.1.2-jre/5e64ec7e056456bef3a4bc4c6fdaef71e8ab6318/guava-32.1.2-jre.jar:/home/Sebastian/.gradle/caches/modules-2/files-2.1/com.ibm.icu/icu4j/73.2/61ad4ef7f9131fcf6d25c34b817f90d6da06c9e9/icu4j-73.2.jar:/home/Sebastian/.gradle/caches/modules-2/files-2.1/com.mojang/authlib/6.0.52/65085e2eb921c4a3ebdde3d248637f1776e6d80d/authlib-6.0.52.jar:/home/Sebastian/.gradle/caches/modules-2/files-2.1/com.mojang/blocklist/1.0.10/5c685c5ffa94c4cd39496c7184c1d122e515ecef/blocklist-1.0.10.jar:/home/Sebastian/.gradle/caches/modules-2/files-2.1/com.mojang/brigadier/1.2.9/73e324f2ee541493a5179abf367237faa782ed21/brigadier-1.2.9.jar:/home/Sebastian/.gradle/caches/modules-2/files-2.1/com.mojang/datafixerupper/6.0.8/3ba4a30557a9b057760af4011f909ba619fc5125/datafixerupper-6.0.8.jar:/home/Sebastian/.gradle/caches/modules-2/files-2.1/com.mojang/logging/1.1.1/832b8e6674a9b325a5175a3a6267dfaf34c85139/logging-1.1.1.jar:/home/Sebastian/.gradle/caches/modules-2/files-2.1/com.mojang/patchy/2.2.10/da05971b07cbb379d002cf7eaec6a2048211fefc/patchy-2.2.10.jar:/home/Sebastian/.gradle/caches/modules-2/files-2.1/com.mojang/text2speech/1.17.9/3cad216e3a7f0c19b4b394388bc9ffc446f13b14/text2speech-1.17.9.jar:/home/Sebastian/.gradle/caches/modules-2/files-2.1/commons-codec/commons-codec/1.16.0/4e3eb3d79888d76b54e28b350915b5dc3919c9de/commons-codec-1.16.0.jar:/home/Sebastian/.gradle/caches/modules-2/files-2.1/commons-io/commons-io/2.13.0/8bb2bc9b4df17e2411533a0708a69f983bf5e83b/commons-io-2.13.0.jar:/home/Sebastian/.gradle/caches/modules-2/files-2.1/commons-logging/commons-logging/1.2/4bfc12adfe4842bf07b657f0369c4cb522955686/commons-logging-1.2.jar:/home/Sebastian/.gradle/caches/modules-2/files-2.1/io.netty/netty-buffer/4.1.97.Final/f8f3d8644afa5e6e1a40a3a6aeb9d9aa970ecb4f/netty-buffer-4.1.97.Final.jar:/home/Sebastian/.gradle/caches/modules-2/files-2.1/io.netty/netty-codec/4.1.97.Final/384ba4d75670befbedb45c4d3b497a93639c206d/netty-codec-4.1.97.Final.jar:/home/Sebastian/.gradle/caches/modules-2/files-2.1/io.netty/netty-common/4.1.97.Final/7cceacaf11df8dc63f23d0fb58e9d4640fc88404/netty-common-4.1.97.Final.jar:/home/Sebastian/.gradle/caches/modules-2/files-2.1/io.netty/netty-handler/4.1.97.Final/abb86c6906bf512bf2b797a41cd7d2e8d3cd7c36/netty-handler-4.1.97.Final.jar:/home/Sebastian/.gradle/caches/modules-2/files-2.1/io.netty/netty-resolver/4.1.97.Final/cec8348108dc76c47cf87c669d514be52c922144/netty-resolver-4.1.97.Final.jar:/home/Sebastian/.gradle/caches/modules-2/files-2.1/io.netty/netty-transport-classes-epoll/4.1.97.Final/795da37ded759e862457a82d9d92c4d39ce8ecee/netty-transport-classes-epoll-4.1.97.Final.jar:/home/Sebastian/.gradle/caches/modules-2/files-2.1/io.netty/netty-transport-native-epoll/4.1.97.Final/5514744c588190ffda076b35a9b8c9f24946a960/netty-transport-native-epoll-4.1.97.Final-linux-aarch_64.jar:/home/Sebastian/.gradle/caches/modules-2/files-2.1/io.netty/netty-transport-native-epoll/4.1.97.Final/54188f271e388e7f313aea995e82f58ce2cdb809/netty-transport-native-epoll-4.1.97.Final-linux-x86_64.jar:/home/Sebastian/.gradle/caches/modules-2/files-2.1/io.netty/netty-transport-native-unix-common/4.1.97.Final/d469d84265ab70095b01b40886cabdd433b6e664/netty-transport-native-unix-common-4.1.97.Final.jar:/home/Sebastian/.gradle/caches/modules-2/files-2.1/io.netty/netty-transport/4.1.97.Final/f37380d23c9bb079bc702910833b2fd532c9abd0/netty-transport-4.1.97.Final.jar:/home/Sebastian/.gradle/caches/modules-2/files-2.1/it.unimi.dsi/fastutil/8.5.12/c24946d46824bd528054bface3231d2ecb7e95e8/fastutil-8.5.12.jar:/home/Sebastian/.gradle/caches/modules-2/files-2.1/net.java.dev.jna/jna-platform/5.13.0/88e9a306715e9379f3122415ef4ae759a352640d/jna-platform-5.13.0.jar:/home/Sebastian/.gradle/caches/modules-2/files-2.1/net.java.dev.jna/jna/5.13.0/1200e7ebeedbe0d10062093f32925a912020e747/jna-5.13.0.jar:/home/Sebastian/.gradle/caches/modules-2/files-2.1/net.sf.jopt-simple/jopt-simple/5.0.4/4fdac2fbe92dfad86aa6e9301736f6b4342a3f5c/jopt-simple-5.0.4.jar:/home/Sebastian/.gradle/caches/modules-2/files-2.1/org.apache.commons/commons-compress/1.22/691a8b4e6cf4248c3bc72c8b719337d5cb7359fa/commons-compress-1.22.jar:/home/Sebastian/.gradle/caches/modules-2/files-2.1/org.apache.commons/commons-lang3/3.13.0/b7263237aa89c1f99b327197c41d0669707a462e/commons-lang3-3.13.0.jar:/home/Sebastian/.gradle/caches/modules-2/files-2.1/org.apache.httpcomponents/httpclient/4.5.13/e5f6cae5ca7ecaac1ec2827a9e2d65ae2869cada/httpclient-4.5.13.jar:/home/Sebastian/.gradle/caches/modules-2/files-2.1/org.apache.httpcomponents/httpcore/4.4.16/51cf043c87253c9f58b539c9f7e44c8894223850/httpcore-4.4.16.jar:/home/Sebastian/.gradle/caches/modules-2/files-2.1/org.apache.logging.log4j/log4j-core/2.19.0/3b6eeb4de4c49c0fe38a4ee27188ff5fee44d0bb/log4j-core-2.19.0.jar:/home/Sebastian/.gradle/caches/modules-2/files-2.1/org.apache.logging.log4j/log4j-api/2.19.0/ea1b37f38c327596b216542bc636cfdc0b8036fa/log4j-api-2.19.0.jar:/home/Sebastian/.gradle/caches/modules-2/files-2.1/org.apache.logging.log4j/log4j-slf4j2-impl/2.19.0/5c04bfdd63ce9dceb2e284b81e96b6a70010ee10/log4j-slf4j2-impl-2.19.0.jar:/home/Sebastian/.gradle/caches/modules-2/files-2.1/org.joml/joml/1.10.5/22566d58af70ad3d72308bab63b8339906deb649/joml-1.10.5.jar:/home/Sebastian/.gradle/caches/modules-2/files-2.1/org.lwjgl/lwjgl-glfw/3.3.2/757920418805fb90bfebb3d46b1d9e7669fca2eb/lwjgl-glfw-3.3.2.jar:/home/Sebastian/.gradle/caches/modules-2/files-2.1/org.lwjgl/lwjgl-glfw/3.3.2/766bb0e8e829598b1c8052fd8173c62af741c52/lwjgl-glfw-3.3.2-natives-linux.jar:/home/Sebastian/.gradle/caches/modules-2/files-2.1/org.lwjgl/lwjgl-jemalloc/3.3.2/877e17e39ebcd58a9c956dc3b5b777813de0873a/lwjgl-jemalloc-3.3.2.jar:/home/Sebastian/.gradle/caches/modules-2/files-2.1/org.lwjgl/lwjgl-jemalloc/3.3.2/2bc33176cdfabf34a63df154b80914e8f433316b/lwjgl-jemalloc-3.3.2-natives-linux.jar:/home/Sebastian/.gradle/caches/modules-2/files-2.1/org.lwjgl/lwjgl-openal/3.3.2/ae5357ed6d934546d3533993ea84c0cfb75eed95/lwjgl-openal-3.3.2.jar:/home/Sebastian/.gradle/caches/modules-2/files-2.1/org.lwjgl/lwjgl-openal/3.3.2/650981780b8bbfb3ce43657b22ec8e77bfb1f37a/lwjgl-openal-3.3.2-natives-linux.jar:/home/Sebastian/.gradle/caches/modules-2/files-2.1/org.lwjgl/lwjgl-opengl/3.3.2/ee8e95be0b438602038bc1f02dc5e3d011b1b216/lwjgl-opengl-3.3.2.jar:/home/Sebastian/.gradle/caches/modules-2/files-2.1/org.lwjgl/lwjgl-opengl/3.3.2/b8368430ef0d91a5acbc6fbfa47b20c3ec083aec/lwjgl-opengl-3.3.2-natives-linux.jar:/home/Sebastian/.gradle/caches/modules-2/files-2.1/org.lwjgl/lwjgl-stb/3.3.2/a2550795014d622b686e9caac50b14baa87d2c70/lwjgl-stb-3.3.2.jar:/home/Sebastian/.gradle/caches/modules-2/files-2.1/org.lwjgl/lwjgl-stb/3.3.2/5c987f43b342d722b54970159040af76f1c87403/lwjgl-stb-3.3.2-natives-linux.jar:/home/Sebastian/.gradle/caches/modules-2/files-2.1/org.lwjgl/lwjgl-tinyfd/3.3.2/9f65c248dd77934105274fcf8351abb75b34327c/lwjgl-tinyfd-3.3.2.jar:/home/Sebastian/.gradle/caches/modules-2/files-2.1/org.lwjgl/lwjgl-tinyfd/3.3.2/5d27fc67172b3fcd8400d61a7cfb75da881f609/lwjgl-tinyfd-3.3.2-natives-linux.jar:/home/Sebastian/.gradle/caches/modules-2/files-2.1/org.lwjgl/lwjgl/3.3.2/4421d94af68e35dcaa31737a6fc59136a1e61b94/lwjgl-3.3.2.jar:/home/Sebastian/.gradle/caches/modules-2/files-2.1/org.lwjgl/lwjgl/3.3.2/767684973f259d97e7dc66a125eb153986f177e7/lwjgl-3.3.2-natives-linux.jar:/home/Sebastian/.gradle/caches/modules-2/files-2.1/org.slf4j/slf4j-api/2.0.7/41eb7184ea9d556f23e18b5cb99cad1f8581fc00/slf4j-api-2.0.7.jar:/home/Sebastian/shared-files/Dev/java/minecraft/mods/fabric/resourcefultrees/.gradle/loom-cache/minecraftMaven/net/minecraft/minecraft-merged-dd71698084/1.20.4-net.fabricmc.yarn.1_20_4.1.20.4+build.3-v2/minecraft-merged-dd71698084-1.20.4-net.fabricmc.yarn.1_20_4.1.20.4+build.3-v2.jar:/home/Sebastian/.gradle/caches/modules-2/files-2.1/net.fabricmc/fabric-loader/0.15.10/3538922fb4094a9d600d528e7acccac662b8a3c2/fabric-loader-0.15.10.jar:/home/Sebastian/shared-files/Dev/java/minecraft/mods/fabric/resourcefultrees/.gradle/loom-cache/remapped_mods/net_fabricmc_yarn_1_20_4_1_20_4_build_3_v2/net/fabricmc/fabric-api/fabric-api/0.97.0+1.20.4/fabric-api-0.97.0+1.20.4.jar:/home/Sebastian/shared-files/Dev/java/minecraft/mods/fabric/resourcefultrees/.gradle/loom-cache/remapped_mods/net_fabricmc_yarn_1_20_4_1_20_4_build_3_v2/net/fabricmc/fabric-api/fabric-transfer-api-v1/4.0.12+90f2d7b14f/fabric-transfer-api-v1-4.0.12+90f2d7b14f.jar:/home/Sebastian/shared-files/Dev/java/minecraft/mods/fabric/resourcefultrees/.gradle/loom-cache/remapped_mods/net_fabricmc_yarn_1_20_4_1_20_4_build_3_v2/net/fabricmc/fabric-api/fabric-api-lookup-api-v1/1.6.50+82b1bb3e4f/fabric-api-lookup-api-v1-1.6.50+82b1bb3e4f.jar:/home/Sebastian/shared-files/Dev/java/minecraft/mods/fabric/resourcefultrees/.gradle/loom-cache/remapped_mods/net_fabricmc_yarn_1_20_4_1_20_4_build_3_v2/net/fabricmc/fabric-api/fabric-blockrenderlayer-v1/1.1.47+78d798af4f/fabric-blockrenderlayer-v1-1.1.47+78d798af4f.jar:/home/Sebastian/shared-files/Dev/java/minecraft/mods/fabric/resourcefultrees/.gradle/loom-cache/remapped_mods/net_fabricmc_yarn_1_20_4_1_20_4_build_3_v2/net/fabricmc/fabric-api/fabric-client-tags-api-v1/1.1.8+78d798af4f/fabric-client-tags-api-v1-1.1.8+78d798af4f.jar:/home/Sebastian/shared-files/Dev/java/minecraft/mods/fabric/resourcefultrees/.gradle/loom-cache/remapped_mods/net_fabricmc_yarn_1_20_4_1_20_4_build_3_v2/net/fabricmc/fabric-api/fabric-command-api-v1/1.2.42+f71b366f4f/fabric-command-api-v1-1.2.42+f71b366f4f.jar:/home/Sebastian/shared-files/Dev/java/minecraft/mods/fabric/resourcefultrees/.gradle/loom-cache/remapped_mods/net_fabricmc_yarn_1_20_4_1_20_4_build_3_v2/net/fabricmc/fabric-api/fabric-commands-v0/0.2.59+df3654b34f/fabric-commands-v0-0.2.59+df3654b34f.jar:/home/Sebastian/shared-files/Dev/java/minecraft/mods/fabric/resourcefultrees/.gradle/loom-cache/remapped_mods/net_fabricmc_yarn_1_20_4_1_20_4_build_3_v2/net/fabricmc/fabric-api/fabric-command-api-v2/2.2.21+78d798af4f/fabric-command-api-v2-2.2.21+78d798af4f.jar:/home/Sebastian/shared-files/Dev/java/minecraft/mods/fabric/resourcefultrees/.gradle/loom-cache/remapped_mods/net_fabricmc_yarn_1_20_4_1_20_4_build_3_v2/net/fabricmc/fabric-api/fabric-content-registries-v0/5.0.16+78d798af4f/fabric-content-registries-v0-5.0.16+78d798af4f.jar:/home/Sebastian/shared-files/Dev/java/minecraft/mods/fabric/resourcefultrees/.gradle/loom-cache/remapped_mods/net_fabricmc_yarn_1_20_4_1_20_4_build_3_v2/net/fabricmc/fabric-api/fabric-convention-tags-v1/1.5.11+78d798af4f/fabric-convention-tags-v1-1.5.11+78d798af4f.jar:/home/Sebastian/shared-files/Dev/java/minecraft/mods/fabric/resourcefultrees/.gradle/loom-cache/remapped_mods/net_fabricmc_yarn_1_20_4_1_20_4_build_3_v2/net/fabricmc/fabric-api/fabric-data-attachment-api-v1/1.1.5+b90db5744f/fabric-data-attachment-api-v1-1.1.5+b90db5744f.jar:/home/Sebastian/shared-files/Dev/java/minecraft/mods/fabric/resourcefultrees/.gradle/loom-cache/remapped_mods/net_fabricmc_yarn_1_20_4_1_20_4_build_3_v2/net/fabricmc/fabric-api/fabric-data-generation-api-v1/13.2.5+5c0133444f/fabric-data-generation-api-v1-13.2.5+5c0133444f.jar:/home/Sebastian/shared-files/Dev/java/minecraft/mods/fabric/resourcefultrees/.gradle/loom-cache/remapped_mods/net_fabricmc_yarn_1_20_4_1_20_4_build_3_v2/net/fabricmc/fabric-api/fabric-dimensions-v1/2.1.62+78d798af4f/fabric-dimensions-v1-2.1.62+78d798af4f.jar:/home/Sebastian/shared-files/Dev/java/minecraft/mods/fabric/resourcefultrees/.gradle/loom-cache/remapped_mods/net_fabricmc_yarn_1_20_4_1_20_4_build_3_v2/net/fabricmc/fabric-api/fabric-entity-events-v1/1.6.2+09fc25014f/fabric-entity-events-v1-1.6.2+09fc25014f.jar:/home/Sebastian/shared-files/Dev/java/minecraft/mods/fabric/resourcefultrees/.gradle/loom-cache/remapped_mods/net_fabricmc_yarn_1_20_4_1_20_4_build_3_v2/net/fabricmc/fabric-api/fabric-events-interaction-v0/0.7.2+389931eb4f/fabric-events-interaction-v0-0.7.2+389931eb4f.jar:/home/Sebastian/shared-files/Dev/java/minecraft/mods/fabric/resourcefultrees/.gradle/loom-cache/remapped_mods/net_fabricmc_yarn_1_20_4_1_20_4_build_3_v2/net/fabricmc/fabric-api/fabric-gametest-api-v1/1.3.6+85d85a934f/fabric-gametest-api-v1-1.3.6+85d85a934f.jar:/home/Sebastian/shared-files/Dev/java/minecraft/mods/fabric/resourcefultrees/.gradle/loom-cache/remapped_mods/net_fabricmc_yarn_1_20_4_1_20_4_build_3_v2/net/fabricmc/fabric-api/fabric-events-lifecycle-v0/0.2.75+df3654b34f/fabric-events-lifecycle-v0-0.2.75+df3654b34f.jar:/home/Sebastian/shared-files/Dev/java/minecraft/mods/fabric/resourcefultrees/.gradle/loom-cache/remapped_mods/net_fabricmc_yarn_1_20_4_1_20_4_build_3_v2/net/fabricmc/fabric-api/fabric-item-api-v1/2.3.0+bcdd12964f/fabric-item-api-v1-2.3.0+bcdd12964f.jar:/home/Sebastian/shared-files/Dev/java/minecraft/mods/fabric/resourcefultrees/.gradle/loom-cache/remapped_mods/net_fabricmc_yarn_1_20_4_1_20_4_build_3_v2/net/fabricmc/fabric-api/fabric-item-group-api-v1/4.0.27+ee30b13a4f/fabric-item-group-api-v1-4.0.27+ee30b13a4f.jar:/home/Sebastian/shared-files/Dev/java/minecraft/mods/fabric/resourcefultrees/.gradle/loom-cache/remapped_mods/net_fabricmc_yarn_1_20_4_1_20_4_build_3_v2/net/fabricmc/fabric-api/fabric-mining-level-api-v1/2.1.66+78d798af4f/fabric-mining-level-api-v1-2.1.66+78d798af4f.jar:/home/Sebastian/shared-files/Dev/java/minecraft/mods/fabric/resourcefultrees/.gradle/loom-cache/remapped_mods/net_fabricmc_yarn_1_20_4_1_20_4_build_3_v2/net/fabricmc/fabric-api/fabric-lifecycle-events-v1/2.3.1+a67ffb5d4f/fabric-lifecycle-events-v1-2.3.1+a67ffb5d4f.jar:/home/Sebastian/shared-files/Dev/java/minecraft/mods/fabric/resourcefultrees/.gradle/loom-cache/remapped_mods/net_fabricmc_yarn_1_20_4_1_20_4_build_3_v2/net/fabricmc/fabric-api/fabric-loot-api-v2/2.1.10+78d798af4f/fabric-loot-api-v2-2.1.10+78d798af4f.jar:/home/Sebastian/shared-files/Dev/java/minecraft/mods/fabric/resourcefultrees/.gradle/loom-cache/remapped_mods/net_fabricmc_yarn_1_20_4_1_20_4_build_3_v2/net/fabricmc/fabric-api/fabric-message-api-v1/6.0.6+78d798af4f/fabric-message-api-v1-6.0.6+78d798af4f.jar:/home/Sebastian/shared-files/Dev/java/minecraft/mods/fabric/resourcefultrees/.gradle/loom-cache/remapped_mods/net_fabricmc_yarn_1_20_4_1_20_4_build_3_v2/net/fabricmc/fabric-api/fabric-models-v0/0.4.8+9386d8a74f/fabric-models-v0-0.4.8+9386d8a74f.jar:/home/Sebastian/shared-files/Dev/java/minecraft/mods/fabric/resourcefultrees/.gradle/loom-cache/remapped_mods/net_fabricmc_yarn_1_20_4_1_20_4_build_3_v2/net/fabricmc/fabric-api/fabric-model-loading-api-v1/1.0.9+78d798af4f/fabric-model-loading-api-v1-1.0.9+78d798af4f.jar:/home/Sebastian/shared-files/Dev/java/minecraft/mods/fabric/resourcefultrees/.gradle/loom-cache/remapped_mods/net_fabricmc_yarn_1_20_4_1_20_4_build_3_v2/net/fabricmc/fabric-api/fabric-recipe-api-v1/2.0.21+78d798af4f/fabric-recipe-api-v1-2.0.21+78d798af4f.jar:/home/Sebastian/shared-files/Dev/java/minecraft/mods/fabric/resourcefultrees/.gradle/loom-cache/remapped_mods/net_fabricmc_yarn_1_20_4_1_20_4_build_3_v2/net/fabricmc/fabric-api/fabric-registry-sync-v0/4.0.20+ee30b13a4f/fabric-registry-sync-v0-4.0.20+ee30b13a4f.jar:/home/Sebastian/shared-files/Dev/java/minecraft/mods/fabric/resourcefultrees/.gradle/loom-cache/remapped_mods/net_fabricmc_yarn_1_20_4_1_20_4_build_3_v2/net/fabricmc/fabric-api/fabric-screen-handler-api-v1/1.3.56+78d798af4f/fabric-screen-handler-api-v1-1.3.56+78d798af4f.jar:/home/Sebastian/shared-files/Dev/java/minecraft/mods/fabric/resourcefultrees/.gradle/loom-cache/remapped_mods/net_fabricmc_yarn_1_20_4_1_20_4_build_3_v2/net/fabricmc/fabric-api/fabric-containers-v0/0.1.87+df3654b34f/fabric-containers-v0-0.1.87+df3654b34f.jar:/home/Sebastian/shared-files/Dev/java/minecraft/mods/fabric/resourcefultrees/.gradle/loom-cache/remapped_mods/net_fabricmc_yarn_1_20_4_1_20_4_build_3_v2/net/fabricmc/fabric-api/fabric-networking-api-v1/3.1.8+2e5ac5484f/fabric-networking-api-v1-3.1.8+2e5ac5484f.jar:/home/Sebastian/shared-files/Dev/java/minecraft/mods/fabric/resourcefultrees/.gradle/loom-cache/remapped_mods/net_fabricmc_yarn_1_20_4_1_20_4_build_3_v2/net/fabricmc/fabric-api/fabric-object-builder-api-v1/13.1.0+dba1195c4f/fabric-object-builder-api-v1-13.1.0+dba1195c4f.jar:/home/Sebastian/shared-files/Dev/java/minecraft/mods/fabric/resourcefultrees/.gradle/loom-cache/remapped_mods/net_fabricmc_yarn_1_20_4_1_20_4_build_3_v2/net/fabricmc/fabric-api/fabric-particles-v1/1.1.8+78d798af4f/fabric-particles-v1-1.1.8+78d798af4f.jar:/home/Sebastian/shared-files/Dev/java/minecraft/mods/fabric/resourcefultrees/.gradle/loom-cache/remapped_mods/net_fabricmc_yarn_1_20_4_1_20_4_build_3_v2/net/fabricmc/fabric-api/fabric-renderer-indigo/1.5.5+78d798af4f/fabric-renderer-indigo-1.5.5+78d798af4f.jar:/home/Sebastian/shared-files/Dev/java/minecraft/mods/fabric/resourcefultrees/.gradle/loom-cache/remapped_mods/net_fabricmc_yarn_1_20_4_1_20_4_build_3_v2/net/fabricmc/fabric-api/fabric-renderer-api-v1/3.2.5+78d798af4f/fabric-renderer-api-v1-3.2.5+78d798af4f.jar:/home/Sebastian/shared-files/Dev/java/minecraft/mods/fabric/resourcefultrees/.gradle/loom-cache/remapped_mods/net_fabricmc_yarn_1_20_4_1_20_4_build_3_v2/net/fabricmc/fabric-api/fabric-rendering-fluids-v1/3.1.2+e761c6694f/fabric-rendering-fluids-v1-3.1.2+e761c6694f.jar:/home/Sebastian/shared-files/Dev/java/minecraft/mods/fabric/resourcefultrees/.gradle/loom-cache/remapped_mods/net_fabricmc_yarn_1_20_4_1_20_4_build_3_v2/net/fabricmc/fabric-api/fabric-renderer-registries-v1/3.2.54+df3654b34f/fabric-renderer-registries-v1-3.2.54+df3654b34f.jar:/home/Sebastian/shared-files/Dev/java/minecraft/mods/fabric/resourcefultrees/.gradle/loom-cache/remapped_mods/net_fabricmc_yarn_1_20_4_1_20_4_build_3_v2/net/fabricmc/fabric-api/fabric-rendering-v0/1.1.57+df3654b34f/fabric-rendering-v0-1.1.57+df3654b34f.jar:/home/Sebastian/shared-files/Dev/java/minecraft/mods/fabric/resourcefultrees/.gradle/loom-cache/remapped_mods/net_fabricmc_yarn_1_20_4_1_20_4_build_3_v2/net/fabricmc/fabric-api/fabric-rendering-v1/3.2.1+6fd945a04f/fabric-rendering-v1-3.2.1+6fd945a04f.jar:/home/Sebastian/shared-files/Dev/java/minecraft/mods/fabric/resourcefultrees/.gradle/loom-cache/remapped_mods/net_fabricmc_yarn_1_20_4_1_20_4_build_3_v2/net/fabricmc/fabric-api/fabric-screen-api-v1/2.0.18+78d798af4f/fabric-screen-api-v1-2.0.18+78d798af4f.jar:/home/Sebastian/shared-files/Dev/java/minecraft/mods/fabric/resourcefultrees/.gradle/loom-cache/remapped_mods/net_fabricmc_yarn_1_20_4_1_20_4_build_3_v2/net/fabricmc/fabric-api/fabric-api-base/0.4.37+78d798af4f/fabric-api-base-0.4.37+78d798af4f.jar:/home/Sebastian/shared-files/Dev/java/minecraft/mods/fabric/resourcefultrees/.gradle/loom-cache/remapped_mods/net_fabricmc_yarn_1_20_4_1_20_4_build_3_v2/net/fabricmc/fabric-api/fabric-biome-api-v1/13.0.17+78d798af4f/fabric-biome-api-v1-13.0.17+78d798af4f.jar:/home/Sebastian/shared-files/Dev/java/minecraft/mods/fabric/resourcefultrees/.gradle/loom-cache/remapped_mods/net_fabricmc_yarn_1_20_4_1_20_4_build_3_v2/net/fabricmc/fabric-api/fabric-block-api-v1/1.0.17+3e2216cb4f/fabric-block-api-v1-1.0.17+3e2216cb4f.jar:/home/Sebastian/shared-files/Dev/java/minecraft/mods/fabric/resourcefultrees/.gradle/loom-cache/remapped_mods/net_fabricmc_yarn_1_20_4_1_20_4_build_3_v2/net/fabricmc/fabric-api/fabric-rendering-data-attachment-v1/0.3.43+73761d2e4f/fabric-rendering-data-attachment-v1-0.3.43+73761d2e4f.jar:/home/Sebastian/shared-files/Dev/java/minecraft/mods/fabric/resourcefultrees/.gradle/loom-cache/remapped_mods/net_fabricmc_yarn_1_20_4_1_20_4_build_3_v2/net/fabricmc/fabric-api/fabric-block-view-api-v2/1.0.5+78d798af4f/fabric-block-view-api-v2-1.0.5+78d798af4f.jar:/home/Sebastian/shared-files/Dev/java/minecraft/mods/fabric/resourcefultrees/.gradle/loom-cache/remapped_mods/net_fabricmc_yarn_1_20_4_1_20_4_build_3_v2/net/fabricmc/fabric-api/fabric-crash-report-info-v1/0.2.24+78d798af4f/fabric-crash-report-info-v1-0.2.24+78d798af4f.jar:/home/Sebastian/shared-files/Dev/java/minecraft/mods/fabric/resourcefultrees/.gradle/loom-cache/remapped_mods/net_fabricmc_yarn_1_20_4_1_20_4_build_3_v2/net/fabricmc/fabric-api/fabric-game-rule-api-v1/1.0.47+78d798af4f/fabric-game-rule-api-v1-1.0.47+78d798af4f.jar:/home/Sebastian/shared-files/Dev/java/minecraft/mods/fabric/resourcefultrees/.gradle/loom-cache/remapped_mods/net_fabricmc_yarn_1_20_4_1_20_4_build_3_v2/net/fabricmc/fabric-api/fabric-keybindings-v0/0.2.40+df3654b34f/fabric-keybindings-v0-0.2.40+df3654b34f.jar:/home/Sebastian/shared-files/Dev/java/minecraft/mods/fabric/resourcefultrees/.gradle/loom-cache/remapped_mods/net_fabricmc_yarn_1_20_4_1_20_4_build_3_v2/net/fabricmc/fabric-api/fabric-key-binding-api-v1/1.0.42+78d798af4f/fabric-key-binding-api-v1-1.0.42+78d798af4f.jar:/home/Sebastian/shared-files/Dev/java/minecraft/mods/fabric/resourcefultrees/.gradle/loom-cache/remapped_mods/net_fabricmc_yarn_1_20_4_1_20_4_build_3_v2/net/fabricmc/fabric-api/fabric-resource-conditions-api-v1/2.3.15+78d798af4f/fabric-resource-conditions-api-v1-2.3.15+78d798af4f.jar:/home/Sebastian/shared-files/Dev/java/minecraft/mods/fabric/resourcefultrees/.gradle/loom-cache/remapped_mods/net_fabricmc_yarn_1_20_4_1_20_4_build_3_v2/net/fabricmc/fabric-api/fabric-resource-loader-v0/0.11.21+ee30b13a4f/fabric-resource-loader-v0-0.11.21+ee30b13a4f.jar:/home/Sebastian/shared-files/Dev/java/minecraft/mods/fabric/resourcefultrees/.gradle/loom-cache/remapped_mods/net_fabricmc_yarn_1_20_4_1_20_4_build_3_v2/net/fabricmc/fabric-api/fabric-sound-api-v1/1.0.18+78d798af4f/fabric-sound-api-v1-1.0.18+78d798af4f.jar:/home/Sebastian/shared-files/Dev/java/minecraft/mods/fabric/resourcefultrees/.gradle/loom-cache/remapped_mods/net_fabricmc_yarn_1_20_4_1_20_4_build_3_v2/net/fabricmc/fabric-api/fabric-transitive-access-wideners-v1/5.0.15+78d798af4f/fabric-transitive-access-wideners-v1-5.0.15+78d798af4f.jar:/home/Sebastian/.gradle/caches/modules-2/files-2.1/org.jline/jline-reader/3.20.0/8f15415b022a25b473e8e16c28ae913186ffb9c4/jline-reader-3.20.0.jar:/home/Sebastian/.gradle/caches/modules-2/files-2.1/org.jline/jline-terminal/3.20.0/d0ddcc708ddf527a3454c941b7b9225cc83a15ff/jline-terminal-3.20.0.jar)
		at com.sun.jna.Native.extractFromResourcePath(Native.java:1145) ~[jna-5.13.0.jar:5.13.0 (b0)]
		at com.sun.jna.NativeLibrary.loadLibrary(NativeLibrary.java:295) ~[jna-5.13.0.jar:5.13.0 (b0)]
		at com.sun.jna.NativeLibrary.getInstance(NativeLibrary.java:483) ~[jna-5.13.0.jar:5.13.0 (b0)]
		at com.sun.jna.NativeLibrary.getInstance(NativeLibrary.java:425) ~[jna-5.13.0.jar:5.13.0 (b0)]
		at com.mojang.text2speech.NarratorLinux$FliteLibrary.loadNative(NarratorLinux.java:67) ~[text2speech-1.17.9.jar:?]
		at com.mojang.text2speech.NarratorLinux.<init>(NarratorLinux.java:18) ~[text2speech-1.17.9.jar:?]
		at com.mojang.text2speech.Narrator.getNarrator(Narrator.java:41) ~[text2speech-1.17.9.jar:?]
		at net.minecraft.client.util.NarratorManager.<init>(NarratorManager.java:19) ~[minecraft-merged-dd71698084-1.20.4-net.fabricmc.yarn.1_20_4.1.20.4+build.3-v2.jar:?]
		at net.minecraft.client.MinecraftClient.<init>(MinecraftClient.java:684) ~[minecraft-merged-dd71698084-1.20.4-net.fabricmc.yarn.1_20_4.1.20.4+build.3-v2.jar:?]
		at net.minecraft.client.main.Main.main(Main.java:223) ~[minecraft-merged-dd71698084-1.20.4-net.fabricmc.yarn.1_20_4.1.20.4+build.3-v2.jar:?]
		at net.fabricmc.loader.impl.game.minecraft.MinecraftGameProvider.launch(MinecraftGameProvider.java:470) ~[fabric-loader-0.15.10.jar:?]
		at net.fabricmc.loader.impl.launch.knot.Knot.launch(Knot.java:74) ~[fabric-loader-0.15.10.jar:?]
		at net.fabricmc.loader.impl.launch.knot.KnotClient.main(KnotClient.java:23) ~[fabric-loader-0.15.10.jar:?]
		at net.fabricmc.devlaunchinjector.Main.main(Main.java:86) ~[dev-launch-injector-0.2.1+build.8.jar:?]
[15:13:38] [Render thread/INFO] (Minecraft) Reloading ResourceManager: vanilla, fabric, fabric-api, fabric-api-base, fabric-api-lookup-api-v1, fabric-biome-api-v1, fabric-block-api-v1, fabric-block-view-api-v2, fabric-blockrenderlayer-v1, fabric-client-tags-api-v1, fabric-command-api-v1, fabric-command-api-v2, fabric-commands-v0, fabric-containers-v0, fabric-content-registries-v0, fabric-convention-tags-v1, fabric-crash-report-info-v1, fabric-data-attachment-api-v1, fabric-data-generation-api-v1, fabric-dimensions-v1, fabric-entity-events-v1, fabric-events-interaction-v0, fabric-events-lifecycle-v0, fabric-game-rule-api-v1, fabric-gametest-api-v1, fabric-item-api-v1, fabric-item-group-api-v1, fabric-key-binding-api-v1, fabric-keybindings-v0, fabric-lifecycle-events-v1, fabric-loot-api-v2, fabric-message-api-v1, fabric-mining-level-api-v1, fabric-model-loading-api-v1, fabric-models-v0, fabric-networking-api-v1, fabric-object-builder-api-v1, fabric-particles-v1, fabric-recipe-api-v1, fabric-registry-sync-v0, fabric-renderer-api-v1, fabric-renderer-indigo, fabric-renderer-registries-v1, fabric-rendering-data-attachment-v1, fabric-rendering-fluids-v1, fabric-rendering-v0, fabric-rendering-v1, fabric-resource-conditions-api-v1, fabric-resource-loader-v0, fabric-screen-api-v1, fabric-screen-handler-api-v1, fabric-sound-api-v1, fabric-transfer-api-v1, fabric-transitive-access-wideners-v1, fabricloader, resourcefultrees
[15:13:38] [Worker-Main-4/INFO] (Minecraft) Found unifont_all_no_pua-15.1.04.hex, loading
[15:13:39] [Worker-Main-8/WARN] (Minecraft) Unable to load model: 'resourcefultrees:block/gem_polishing_station' referenced from: resourcefultrees:gem_polishing_station#: java.io.FileNotFoundException: resourcefultrees:models/block/gem_polishing_station.json
[15:13:40] [Render thread/WARN] (Minecraft) Missing sound for event: minecraft:item.goat_horn.play
[15:13:40] [Render thread/WARN] (Minecraft) Missing sound for event: minecraft:entity.goat.screaming.horn_break
[15:13:40] [Render thread/WARN] (Minecraft) Missing sound for event: minecraft:entity.generic.wind_burst
[15:13:40] [Render thread/INFO] (Minecraft) OpenAL initialized on device Family 17h/19h HD Audio Controller Analog Stereo
[15:13:40] [Render thread/INFO] (Minecraft) Sound engine started
[15:13:40] [Render thread/INFO] (Minecraft) Created: 1024x512x0 minecraft:textures/atlas/blocks.png-atlas
[15:13:40] [Render thread/INFO] (Minecraft) Created: 256x256x0 minecraft:textures/atlas/signs.png-atlas
[15:13:40] [Render thread/INFO] (Minecraft) Created: 512x512x0 minecraft:textures/atlas/banner_patterns.png-atlas
[15:13:40] [Render thread/INFO] (Minecraft) Created: 512x512x0 minecraft:textures/atlas/shield_patterns.png-atlas
[15:13:40] [Render thread/INFO] (Minecraft) Created: 1024x1024x0 minecraft:textures/atlas/armor_trims.png-atlas
[15:13:40] [Render thread/INFO] (Minecraft) Created: 256x256x0 minecraft:textures/atlas/chest.png-atlas
[15:13:40] [Render thread/INFO] (Minecraft) Created: 128x64x0 minecraft:textures/atlas/decorated_pot.png-atlas
[15:13:40] [Render thread/INFO] (Minecraft) Created: 512x256x0 minecraft:textures/atlas/beds.png-atlas
[15:13:40] [Render thread/INFO] (Minecraft) Created: 512x256x0 minecraft:textures/atlas/shulker_boxes.png-atlas
[15:13:40] [Render thread/WARN] (Minecraft) Shader rendertype_entity_translucent_emissive could not find sampler named Sampler2 in the specified shader program.
[15:13:40] [Render thread/INFO] (Minecraft) Created: 512x256x0 minecraft:textures/atlas/particles.png-atlas
[15:13:40] [Render thread/INFO] (Minecraft) Created: 256x256x0 minecraft:textures/atlas/paintings.png-atlas
[15:13:40] [Render thread/INFO] (Minecraft) Created: 128x128x0 minecraft:textures/atlas/mob_effects.png-atlas
[15:13:40] [Render thread/INFO] (Minecraft) Created: 1024x512x0 minecraft:textures/atlas/gui.png-atlas
[15:13:40] [IO-Worker-1/INFO] (Minecraft) Could not authorize you against Realms server: Invalid session id
[15:13:40] [IO-Worker-1/ERROR] (Minecraft) Couldn't connect to realms
net.minecraft.client.realms.exception.RealmsServiceException: Realms authentication error with message 'Invalid session id'
	at net.minecraft.client.realms.RealmsClient.execute(RealmsClient.java:447) ~[minecraft-merged-dd71698084-1.20.4-net.fabricmc.yarn.1_20_4.1.20.4+build.3-v2.jar:?]
	at net.minecraft.client.realms.RealmsClient.clientCompatible(RealmsClient.java:232) ~[minecraft-merged-dd71698084-1.20.4-net.fabricmc.yarn.1_20_4.1.20.4+build.3-v2.jar:?]
	at net.minecraft.client.realms.RealmsAvailability.method_52627(RealmsAvailability.java:45) ~[minecraft-merged-dd71698084-1.20.4-net.fabricmc.yarn.1_20_4.1.20.4+build.3-v2.jar:?]
	at java.util.concurrent.CompletableFuture$AsyncSupply.run(CompletableFuture.java:1768) ~[?:?]
	at java.util.concurrent.ThreadPoolExecutor.runWorker(ThreadPoolExecutor.java:1136) ~[?:?]
	at java.util.concurrent.ThreadPoolExecutor$Worker.run(ThreadPoolExecutor.java:635) ~[?:?]
	at java.lang.Thread.run(Thread.java:833) ~[?:?]
[15:13:43] [Render thread/INFO] (Minecraft) Stopping!
