[15:04:33] [main/INFO] (FabricLoader/GameProvider) Loading Minecraft 1.20.4 with Fabric Loader 0.15.10
[15:04:33] [main/INFO] (FabricLoader) Loading 44 mods:
	- fabric-api 0.97.0+1.20.4
	- fabric-api-base 0.4.37+78d798af4f
	- fabric-api-lookup-api-v1 1.6.50+82b1bb3e4f
	- fabric-biome-api-v1 13.0.17+78d798af4f
	- fabric-block-api-v1 1.0.17+3e2216cb4f
	- fabric-block-view-api-v2 1.0.5+78d798af4f
	- fabric-command-api-v1 1.2.42+f71b366f4f
	- fabric-command-api-v2 2.2.21+78d798af4f
	- fabric-commands-v0 0.2.59+df3654b34f
	- fabric-containers-v0 0.1.87+df3654b34f
	- fabric-content-registries-v0 5.0.16+78d798af4f
	- fabric-convention-tags-v1 1.5.11+78d798af4f
	- fabric-crash-report-info-v1 0.2.24+78d798af4f
	- fabric-data-attachment-api-v1 1.1.5+b90db5744f
	- fabric-data-generation-api-v1 13.2.5+5c0133444f
	- fabric-dimensions-v1 2.1.62+78d798af4f
	- fabric-entity-events-v1 1.6.2+09fc25014f
	- fabric-events-interaction-v0 0.7.2+389931eb4f
	- fabric-events-lifecycle-v0 0.2.75+df3654b34f
	- fabric-game-rule-api-v1 1.0.47+78d798af4f
	- fabric-gametest-api-v1 1.3.6+85d85a934f
	- fabric-item-api-v1 2.3.0+bcdd12964f
	- fabric-item-group-api-v1 4.0.27+ee30b13a4f
	- fabric-lifecycle-events-v1 2.3.1+a67ffb5d4f
	- fabric-loot-api-v2 2.1.10+78d798af4f
	- fabric-message-api-v1 6.0.6+78d798af4f
	- fabric-mining-level-api-v1 2.1.66+78d798af4f
	- fabric-networking-api-v1 3.1.8+2e5ac5484f
	- fabric-object-builder-api-v1 13.1.0+dba1195c4f
	- fabric-particles-v1 1.1.8+78d798af4f
	- fabric-recipe-api-v1 2.0.21+78d798af4f
	- fabric-registry-sync-v0 4.0.20+ee30b13a4f
	- fabric-rendering-data-attachment-v1 0.3.43+73761d2e4f
	- fabric-rendering-fluids-v1 3.1.2+e761c6694f
	- fabric-resource-conditions-api-v1 2.3.15+78d798af4f
	- fabric-resource-loader-v0 0.11.21+ee30b13a4f
	- fabric-screen-handler-api-v1 1.3.56+78d798af4f
	- fabric-transfer-api-v1 4.0.12+90f2d7b14f
	- fabric-transitive-access-wideners-v1 5.0.15+78d798af4f
	- fabricloader 0.15.10
	- java 17
	- minecraft 1.20.4
	- mixinextras 0.3.5
	- resourcefultrees 0.0.0-1.20.4
[15:04:34] [main/INFO] (FabricLoader/Mixin) SpongePowered MIXIN Subsystem Version=0.8.5 Source=file:/home/Sebastian/.gradle/caches/modules-2/files-2.1/net.fabricmc/sponge-mixin/0.13.3+mixin.0.8.5/9527e6b0d2449408958fd1302594dc65ec5ade9c/sponge-mixin-0.13.3+mixin.0.8.5.jar Service=Knot/Fabric Env=SERVER
[15:04:34] [main/INFO] (FabricLoader/Mixin) Loaded Fabric development mappings for mixin remapper!
[15:04:34] [main/INFO] (FabricLoader/Mixin) Compatibility level set to JAVA_17
[15:04:34] [main/INFO] (FabricLoader/MixinExtras|Service) Initializing MixinExtras via com.llamalad7.mixinextras.service.MixinExtrasServiceImpl(version=0.3.5).
[15:04:39] [main/INFO] (resourcefultrees) Registering ModBlocks for resourcefultrees
[15:04:39] [main/INFO] (resourcefultrees) Registering Item Groups for resourcefultrees
[15:04:39] [main/INFO] (resourcefultrees) Registering Block Entities for resourcefultrees
[15:04:39] [main/INFO] (resourcefultrees) Registering Screen Handlers forresourcefultrees
[15:04:39] [main/INFO] (fabric-networking-api-v1) Force Packet Serialization is enabled to mimic remote connection on single player, this is the default behaviour on dev env. Add -Dfabric-api.networking.force-packet-serialization=false JVM arg to disable it.
[15:04:39] [main/INFO] (FabricDataGenHelper) Running data generator for resourcefultrees
[15:04:39] [main/INFO] (Minecraft) Starting provider: Resourceful Trees/Tags for minecraft:block
[15:04:39] [main/INFO] (Minecraft) Resourceful Trees/Tags for minecraft:block finished after 223 ms
[15:04:39] [main/INFO] (Minecraft) Starting provider: Resourceful Trees/Tags for minecraft:item
[15:04:39] [main/INFO] (Minecraft) Resourceful Trees/Tags for minecraft:item finished after 0 ms
[15:04:39] [main/INFO] (Minecraft) Starting provider: Resourceful Trees/Block Loot Tables
[15:04:39] [main/INFO] (Minecraft) Resourceful Trees/Block Loot Tables finished after 44 ms
[15:04:39] [main/INFO] (Minecraft) Starting provider: Resourceful Trees/Model Definitions
[15:04:39] [main/INFO] (Minecraft) Resourceful Trees/Model Definitions finished after 32 ms
[15:04:39] [main/INFO] (Minecraft) Starting provider: Resourceful Trees/Recipes
[15:04:39] [main/INFO] (Minecraft) Resourceful Trees/Recipes finished after 31 ms
[15:04:39] [main/INFO] (Minecraft) Starting provider: Resourceful Trees/World gen
[15:04:39] [main/INFO] (Minecraft) Resourceful Trees/World gen finished after 26 ms
[15:04:39] [main/INFO] (Minecraft) All providers took: 361 ms
[15:04:39] [main/INFO] (Minecraft) Caching: total files: 112, old count: 112, new count: 113, removed stale: 0, written: 10
